TN:
SF:src\datetime.ts
FN:5,parseDate
FN:9,formatDate
FN:16,formatDateTime
FN:25,formatTime
FN:35,formatDayMonthLong
FNF:5
FNH:5
FNDA:5,parseDate
FNDA:2,formatDate
FNDA:2,formatDateTime
FNDA:2,formatTime
FNDA:3,formatDayMonthLong
DA:1,1
DA:2,1
DA:3,1
DA:4,1
DA:5,5
DA:6,5
DA:7,5
DA:8,1
DA:9,2
DA:10,2
DA:11,1
DA:12,1
DA:13,2
DA:14,2
DA:15,1
DA:16,2
DA:17,2
DA:18,1
DA:19,1
DA:20,2
DA:21,2
DA:22,2
DA:23,2
DA:24,1
DA:25,2
DA:26,2
DA:27,1
DA:28,1
DA:29,2
DA:30,2
DA:31,2
DA:32,2
DA:33,2
DA:34,1
DA:35,3
DA:36,3
DA:37,3
DA:38,3
DA:39,3
DA:40,3
LF:40
LH:40
BRDA:5,0,0,5
BRDA:9,1,0,2
BRDA:10,2,0,1
BRDA:16,3,0,2
BRDA:17,4,0,1
BRDA:25,5,0,2
BRDA:26,6,0,1
BRDA:35,7,0,3
BRF:8
BRH:8
end_of_record
